<?xml version="1.0" encoding="UTF-8"?>
<testsuite name="org.example.StringCalculatorTest" tests="1" skipped="0" failures="0" errors="0" timestamp="2023-04-19T14:23:00" hostname="DESKTOP-VMPA2M7" time="0.015">
  <properties/>
  <testcase name="Step1()" classname="org.example.StringCalculatorTest" time="0.015"/>
  <system-out><![CDATA[]]></system-out>
  <system-err><![CDATA[]]></system-err>
</testsuite>
